(---------------------------------------------------------------------)
(                                                                     )
(    NC ROUTE Log                                                     )
(                                                                     )
(    Drawing          : LAUNCHPAD.brd                                 )
(    Software Version : 17.2S071                                      )
(    Date/Time        : Tue Jan 19 22:22:44 2021                      )
(                                                                     )
(---------------------------------------------------------------------)



 Processing NC Parameters file 'nc_param.txt' ...

 NC PARAMETERS
 -------------

 FORMAT   		3.3
 MACHINE-OFFSET		x:0.00000	y:0.00000   (mm)
 FEEDRATE		1
 COORDINATES		ABSOLUTE
 OUTPUT-UNITS		METRIC
 TOOL-ORDER		INCREASING
 REPEAT-CODES		NO
 SUPPRESS-LEAD-ZEROES	YES
 SUPPRESS-TRAIL-ZEROES	NO
 SUPPRESS-EQUAL		NO
 TOOL-SELECT		YES
 HEADER			none
 LEADER			12
 CODE			ASCII
 SEPARATE		YES
 SEPARATE-ROUTING	NO
 OPTIMIZE_DRILLING	NO
 ENHANCED_EXCELLON	YES
 SCALE			1.000000


 WARNING(SPMHMF-326): Cannot find NC Route bit tool file 'ncroutebits.txt'
 WARNING(SPMHMF-327): ... will auto-generate bit tool file 'ncroutebits_auto.txt'.

 Auto-generating tool file 'ncroutebits_auto.txt' ...

     0.0001  T01       

-------------------------------------------------------------

 Pre_processing route path data ...

 WARNING(SPMHMF-301): No start point indicators found on the board.
 WARNING(SPMHMF-302): Start and end points for route paths will be selected at random.

-------------------------------------------------------------

 Processing route path data ... TOP to BOTTOM 

 WARNING(SPMHMF-303): First & second point indicator(s) not found.
 WARNING(SPMHMF-304): Start point and direction selected at random at (-39.550000 48.650000).

 WARNING(SPMHMF-303): First & second point indicator(s) not found.
 WARNING(SPMHMF-304): Start point and direction selected at random at (-47.450000 48.650000).

 WARNING(SPMHMF-307): Start point indicator for route at (-38.250000 49.450000) not found.
 WARNING(SPMHMF-308): Start point chosen at random.

 WARNING(SPMHMF-307): Start point indicator for route at (-41.225000 48.300000) not found.
 WARNING(SPMHMF-308): Start point chosen at random.

 WARNING(SPMHMF-307): Start point indicator for route at (-48.050000 49.450000) not found.
 WARNING(SPMHMF-308): Start point chosen at random.

 EXPLANATION OF 'START POINT INDICATORS' ...

 The direction in which a route path is cut can be
 controlled by adding the character '1' at (or near)
 the vertex that you want to be the start point of the cut.
 This character (referred to as a 'start point indicator')
 is added by using the ADD TEXT command.

 In the case of a complete loop, direction can be specified
 by adding the character '1' at the first point on the path
 and the character '2' at the second point along the path.


-------------------------------------------------------------

 Processing slot hole data ... TOP to BOTTOM 

 WARNING(SPMHMF-322): No slot holes were found for processing.

-------------------------------------------------------------

 NC Route file 'LAUNCHPAD_1-2.rou' created ...

-------------------------------------------------------------

 Program completed WITH WARNINGS.

