(---------------------------------------------------------------------)
(                                                                     )
(    Allegro Netrev Import Logic                                      )
(                                                                     )
(    Drawing          : launchpad_checkpoint0.brd                     )
(    Software Version : 17.2S071                                      )
(    Date/Time        : Wed Dec 16 16:47:34 2020                      )
(                                                                     )
(---------------------------------------------------------------------)


------ Directives ------------

Ripup etch:                  No
Ripup delete first segment:  No
Ripup retain bondwire:       No
Ripup symbols:               Always
Missing symbol has error:    No
DRC update:                  Yes
Schematic directory:         'C:\ESE-PROJECT\LAUNCHPAD\allegro'
Design Directory:            'C:/ESE-PROJECT/LAUNCHPAD/allegro'
Old design name:             'C:/ESE-project/Launchpad/allegro/launchpad_checkpoint0.brd'
New design name:             'C:/ESE-PROJECT/LAUNCHPAD/allegro/LAUNCHPAD.brd'

CmdLine: netrev.exe -y 1 -i C:\ESE-PROJECT\LAUNCHPAD\allegro C:\ESE-project\Launchpad\allegro\launchpad_checkpoint0.brd C:\ESE-PROJECT\LAUNCHPAD\allegro\LAUNCHPAD.brd

------ Preparing to read pst files ------

Starting to read C:/ESE-PROJECT/LAUNCHPAD/allegro/pstchip.dat 
   Finished reading C:/ESE-PROJECT/LAUNCHPAD/allegro/pstchip.dat (00:00:00.04)
Starting to read C:/ESE-PROJECT/LAUNCHPAD/allegro/pstxprt.dat 
   Finished reading C:/ESE-PROJECT/LAUNCHPAD/allegro/pstxprt.dat (00:00:00.00)
Starting to read C:/ESE-PROJECT/LAUNCHPAD/allegro/pstxnet.dat 
   Finished reading C:/ESE-PROJECT/LAUNCHPAD/allegro/pstxnet.dat (00:00:00.00)

------ Oversights/Warnings/Errors ------


------ Library Paths ------
MODULEPATH =  . 
           c:/cadence/spb_17.2/share/local/pcb/modules 

PSMPATH =  . 
           symbols 
           .. 
           ../symbols 
           c:/cadence/spb_17.2/share/local/pcb/symbols 
           c:/cadence/spb_17.2/share/pcb/pcb_lib/symbols 
           c:/cadence/spb_17.2/share/pcb/allegrolib/symbols 
           C:/ORCAD_PERSONAL_LIBRARY/FOOTPRINTS/ 
           C:/ESE-project/ORCAD_PERSONAL_LIBRARY/FOOTPRINTS/ 

PADPATH =  . 
           symbols 
           .. 
           ../symbols 
           c:/cadence/spb_17.2/share/local/pcb/padstacks 
           c:/cadence/spb_17.2/share/pcb/pcb_lib/symbols 
           c:/cadence/spb_17.2/share/pcb/allegrolib/symbols 
           C:/ORCAD_PERSONAL_LIBRARY/PADSTACKS/ 
           C:/ESE-project/ORCAD_PERSONAL_LIBRARY/PADSTACKS/ 


------ Summary Statistics ------


netrev run on Dec 16 16:47:34 2020
   DESIGN NAME : 'LAUNCHPAD'
   PACKAGING ON Sep 27 2020 03:58:55

   COMPILE 'logic'
   CHECK_PIN_NAMES OFF
   CROSS_REFERENCE OFF
   FEEDBACK OFF
   INCREMENTAL OFF
   INTERFACE_TYPE PHYSICAL
   MAX_ERRORS 500
   MERGE_MINIMUM 5
   NET_NAME_CHARS '#%&()*+-./:=>?@[]^_`|'
   NET_NAME_LENGTH 24
   OVERSIGHTS ON
   REPLACE_CHECK OFF
   SINGLE_NODE_NETS ON
   SPLIT_MINIMUM 0
   SUPPRESS   20
   WARNINGS ON

 No error detected
 No oversight detected
 No warning detected

cpu time      0:00:55
elapsed time  0:00:00

