(---------------------------------------------------------------------)
(                                                                     )
(    IPC2581 Export                                                   )
(                                                                     )
(    Software Version : 17.2P019                                      )
(    Date/Time        : Mon Oct 08 16:32:15 2018                      )
(                                                                     )
(---------------------------------------------------------------------)


WARNING(SPMHA2-118): Board Geometry subclasses, 'DESIGN_OUTLINE' and 'CUTOUT', are the preferred subclasses for defining a board outline. Use these subclasses instead of the 'OUTLINE' subclass.

WARNING: Design outline is missing on the layer "BOARD GEOMETRY/DESIGN_OUTLINE".



Collecting net list ...



Collecting package defintions ...



Collecting component descriptions ...



Collecting BOM items ...



Property configuration file: C:/TEMP/FULLADDER/allegro/ipc2581_attr_config.atr
IPC2581 file: FULLADDER
IPC2581 version: IPC2581-B
BRD file: C:/TEMP/FULLADDER/allegro/FULLADDER.brd
IPC2581 units: INCH
Global package pin1 orientation: OTHER
Default symbol height: 0.15
Export drill information?: YES
Export BOM information?: YES
Export component descriptions?: YES
Export component packages?: YES
Export land patterns?: YES
Export device descriptions?: YES
Export net list?: YES
Export hierarchical layer/stack instance?: NO
Export Outer Copper Layers?: YES
Export Inner Layers?: YES
Export Documentation Layers?: YES
Export Miscellaneous Image Layers?: YES
Export SolderMask/SolderPaste Legend Layers?: YES
Export vector text?: YES
Export cavities?: NO
Export padstack definitions?: NO
Export zip file?: NO
a2ipc2581 complete.
