(---------------------------------------------------------------------)
(                                                                     )
(    Allegro Netrev Import Logic                                      )
(                                                                     )
(    Drawing          : FULLADDER.brd                                 )
(    Software Version : 17.2S071                                      )
(    Date/Time        : Thu Nov 19 09:28:09 2020                      )
(                                                                     )
(---------------------------------------------------------------------)


------ Directives ------------

Ripup etch:                  No
Ripup delete first segment:  No
Ripup retain bondwire:       No
Ripup symbols:               Always
Missing symbol has error:    No
DRC update:                  Yes
Schematic directory:         'C:\USERS\ANDREAA\ESE\FULLADDER\allegro'
Design Directory:            'C:/USERS/ANDREAA/ESE/FULLADDER/allegro'
Old design name:             'C:/USERS/ANDREAA/ESE/FULLADDER/allegro/FULLADDER.brd'
New design name:             'C:/USERS/ANDREAA/ESE/FULLADDER/allegro/FULLADDER.brd'

CmdLine: netrev.exe -y 1 -n -i C:\USERS\ANDREAA\ESE\FULLADDER\allegro C:\USERS\ANDREAA\ESE\FULLADDER\allegro\FULLADDER.brd C:\USERS\ANDREAA\ESE\FULLADDER\allegro\FULLADDER.brd

------ Preparing to read pst files ------

Starting to read C:/USERS/ANDREAA/ESE/FULLADDER/allegro/pstchip.dat 
   Finished reading C:/USERS/ANDREAA/ESE/FULLADDER/allegro/pstchip.dat (00:00:00.03)
Starting to read C:/USERS/ANDREAA/ESE/FULLADDER/allegro/pstxprt.dat 
   Finished reading C:/USERS/ANDREAA/ESE/FULLADDER/allegro/pstxprt.dat (00:00:00.00)
Starting to read C:/USERS/ANDREAA/ESE/FULLADDER/allegro/pstxnet.dat 
   Finished reading C:/USERS/ANDREAA/ESE/FULLADDER/allegro/pstxnet.dat (00:00:00.00)

------ Oversights/Warnings/Errors ------


------ Library Paths ------
MODULEPATH =  . 
           C:/Cadence/SPB_17.2/share/local/pcb/modules 

PSMPATH =  . 
           symbols 
           .. 
           ../symbols 
           C:/Cadence/SPB_17.2/share/local/pcb/symbols 
           C:/Cadence/SPB_17.2/share/pcb/pcb_lib/symbols 
           C:/Cadence/SPB_17.2/share/pcb/allegrolib/symbols 
           C:/Users/Andreaa/ESE/ORCAD_PERSONAL_LIBRARY/FOOTPRINTS/ 

PADPATH =  . 
           symbols 
           .. 
           ../symbols 
           C:/Cadence/SPB_17.2/share/local/pcb/padstacks 
           C:/Cadence/SPB_17.2/share/pcb/pcb_lib/symbols 
           C:/Cadence/SPB_17.2/share/pcb/allegrolib/symbols 
           C:/Users/Andreaa/ESE/ORCAD_PERSONAL_LIBRARY/PADSTACKS/ 


------ Summary Statistics ------


netrev run on Nov 19 9:28:09 2020
   DESIGN NAME : 'FULLADDER'
   PACKAGING ON Sep 27 2020 03:58:55

   COMPILE 'logic'
   CHECK_PIN_NAMES OFF
   CROSS_REFERENCE OFF
   FEEDBACK OFF
   INCREMENTAL OFF
   INTERFACE_TYPE PHYSICAL
   MAX_ERRORS 500
   MERGE_MINIMUM 5
   NET_NAME_CHARS '#%&()*+-./:=>?@[]^_`|'
   NET_NAME_LENGTH 24
   OVERSIGHTS ON
   REPLACE_CHECK OFF
   SINGLE_NODE_NETS ON
   SPLIT_MINIMUM 0
   SUPPRESS   20
   WARNINGS ON

 No error detected
 No oversight detected
 No warning detected

cpu time      0:00:32
elapsed time  0:00:00

