{ Using PSTWRITER 17.2.0 d001Nov-27-2018 at 11:00:37 }

#1 WARNING(ORCAP-36006): Part Name "CAPACITOR_MF_0402_SMD_CAPACITOR_100 NF" is renamed to "CAPACITOR_MF_0402_SMD_CAPACITOR".
#2 WARNING(ORCAP-36006): Part Name "CAPACITOR_MF_0402_SMD_CAPACITOR_10 UF" is renamed to "CAPACITOR_MF_0402_SMD_CAPACIT_1".
#3 WARNING(ORCAP-36006): Part Name "CAPACITOR_MF_0402_SMD_CAPACITOR_12 PF" is renamed to "CAPACITOR_MF_0402_SMD_CAPACIT_2".
#4 WARNING(ORCAP-36006): Part Name "CAPACITOR_MF_0402_SMD_CAPACITOR_1.2 PF" is renamed to "CAPACITOR_MF_0402_SMD_CAPACIT_3".
#5 WARNING(ORCAP-36006): Part Name "CAPACITOR_MF_0402_SMD_CAPACITOR_1 UF" is renamed to "CAPACITOR_MF_0402_SMD_CAPACIT_4".
#6 WARNING(ORCAP-36006): Part Name "FTSH-105-01-F-DV_FTSH-105-01-F-DV_FTSH-105-01-F-DV" is renamed to "FTSH-105-01-F-DV_FTSH-105-01-F-".
#7 WARNING(ORCAP-36006): Part Name "M50-3530242_M50-3530242_M50-3530242" is renamed to "M50-3530242_M50-3530242_M50-353".
#8 WARNING(ORCAP-36006): Part Name "BLM18HE152SN1_MF_0603_SMD_FILTER_BLM18HE152SN1" is renamed to "BLM18HE152SN1_MF_0603_SMD_FILTE".
#9 WARNING(ORCAP-36006): Part Name "INDUCTOR_MF_0402_SMD_INDUCTOR_2 NH" is renamed to "INDUCTOR_MF_0402_SMD_INDUCTOR_2".
#10 WARNING(ORCAP-36006): Part Name "INDUCTOR_MF_0402_SMD_INDUCTOR_15 NH" is renamed to "INDUCTOR_MF_0402_SMD_INDUCTOR_1".
#11 WARNING(ORCAP-36006): Part Name "INDUCTOR_MF_0603_SMD_INDUCTOR_10 UH" is renamed to "INDUCTOR_MF_0603_SMD_INDUCTOR_1".
#12 WARNING(ORCAP-36006): Part Name "RESISTOR_MF_0402_SMD_RESISTOR_100 K" is renamed to "RESISTOR_MF_0402_SMD_RESISTOR_1".
#13 WARNING(ORCAP-36006): Part Name "RESISTOR_MF_0402_SMD_RESISTOR_10 K" is renamed to "RESISTOR_MF_0402_SMD_RESISTOR_2".
#14 WARNING(ORCAP-36006): Part Name "RESISTOR_MF_0402_SMD_RESISTOR_680" is renamed to "RESISTOR_MF_0402_SMD_RESISTOR_6".
#15 WARNING(ORCAP-36006): Part Name "RESISTOR_MF_0402_SMD_RESISTOR_150" is renamed to "RESISTOR_MF_0402_SMD_RESISTOR_3".
#16 WARNING(ORCAP-36006): Part Name "RESISTOR_MF_0402_SMD_RESISTOR_270" is renamed to "RESISTOR_MF_0402_SMD_RESISTOR_4".
#17 WARNING(ORCAP-36006): Part Name "SWITCHBUTTON_KSS341GLFS_KSS341GLFS" is renamed to "SWITCHBUTTON_KSS341GLFS_KSS341G".
INFO(ORCAP-36080): Scanning netlist files ...

Loading... D:\LEZIONI CADENCE PASERO\BLE_TH_SENSOR\allegro/pstchip.dat

Loading... D:\LEZIONI CADENCE PASERO\BLE_TH_SENSOR\allegro/pstchip.dat

Loading... D:\LEZIONI CADENCE PASERO\BLE_TH_SENSOR\allegro/pstchip.dat

Loading... D:\LEZIONI CADENCE PASERO\BLE_TH_SENSOR\allegro/pstxnet.dat
packaging the design view...