(---------------------------------------------------------------------)
(                                                                     )
(    ARTWORK LOG                                                      )
(                                                                     )
(    Drawing          : Tesis_minimum_size_v2.brd                     )
(    Software Version : 17.2P019                                      )
(    Date/Time        : Fri Nov 16 17:11:53 2018                      )
(                                                                     )
(---------------------------------------------------------------------)



 ******************************************
 WARNING: DRC OUT OF DATE on this layout.
 ******************************************

 ---- Photoplot outline rectangle not found; using drawing extents.



Results from parameter file ...
    DEVICE-TYPE           GERBER_RS274X
    OUTPUT-UNITS          MM
    FILM-SIZE             2400000 1600000
    FORMAT                2.5
    ABORT-ON-ERROR        NO
    SCALE                 1
    SUPPRESS-LEAD-ZEROES  YES
    SUPPRESS-TRAIL-ZEROES NO
    SUPPRESS-EQUAL        YES
    UNDEF-APT-CONT        NO



================================================================
     PROCESSING FILM < SILK_TOP >
     TO FILE < //detstorage.polito.it/neurolab/Share/Tesi_Miguel Ferre Vasquez/Thesis_Miguel_ferre/ORCAD/gerbers/SILK_TOP.art > ...
================================================================

  FILM PARAMETERS :
  ---------------------------------------------------------
  Undefined line width                0.0100
  Mirror code                         NONE
  Rotate angle                        NONE
  Offset x:                           0.0000
  Offset y:                           0.0000
  Plot negative                       NO
  Suppress unconnected internal pads  NO
  Draw holes only                     NO

    WARNING: text composed 0 width line found at (-14.0350 -29.5950)
           ... using undefined line width of 0.0100

    WARNING: text having Multiple 0 width lines; all will be treated the same as the first.
           ... using undefined line width of 0.0100



  APERTURES USED:
  ---------------------------------------------------------
  TYPE       SIZE/NAME                   ROT   MIRROR MODE 
  ---------------------------------------------------------
  CIRCLE     0.01000                                  DARK 

     SILK_TOP created with warnings


================================================================
     PROCESSING FILM < SILK_BOT >
     TO FILE < //detstorage.polito.it/neurolab/Share/Tesi_Miguel Ferre Vasquez/Thesis_Miguel_ferre/ORCAD/gerbers/SILK_BOT.art > ...
================================================================

  FILM PARAMETERS :
  ---------------------------------------------------------
  Undefined line width                0.0100
  Mirror code                         NONE
  Rotate angle                        NONE
  Offset x:                           0.0000
  Offset y:                           0.0000
  Plot negative                       NO
  Suppress unconnected internal pads  NO
  Draw holes only                     NO



  APERTURES USED:
  ---------------------------------------------------------
  TYPE       SIZE/NAME                   ROT   MIRROR MODE 
  ---------------------------------------------------------
  CIRCLE     0.01000                                  DARK 

     SILK_BOT created with warnings


================================================================
     PROCESSING FILM < SM_BOT >
     TO FILE < //detstorage.polito.it/neurolab/Share/Tesi_Miguel Ferre Vasquez/Thesis_Miguel_ferre/ORCAD/gerbers/SM_BOT.art > ...
================================================================

  FILM PARAMETERS :
  ---------------------------------------------------------
  Undefined line width                0.0100
  Mirror code                         NONE
  Rotate angle                        NONE
  Offset x:                           0.0000
  Offset y:                           0.0000
  Plot negative                       NO
  Suppress unconnected internal pads  NO
  Draw holes only                     NO



  APERTURES USED:
  ---------------------------------------------------------
  TYPE       SIZE/NAME                   ROT   MIRROR MODE 
  ---------------------------------------------------------
  CIRCLE     0.65000                                  DARK 
  CIRCLE     1.00000                                  DARK 
  RECTANGLE  2.65000     x 3.05000      90.000 NO     DARK 
  RECTANGLE  3.65000     x 3.05000      90.000 NO     DARK 

     SM_BOT created with warnings


================================================================
     PROCESSING FILM < SM_TOP >
     TO FILE < //detstorage.polito.it/neurolab/Share/Tesi_Miguel Ferre Vasquez/Thesis_Miguel_ferre/ORCAD/gerbers/SM_TOP.art > ...
================================================================

  FILM PARAMETERS :
  ---------------------------------------------------------
  Undefined line width                0.0100
  Mirror code                         NONE
  Rotate angle                        NONE
  Offset x:                           0.0000
  Offset y:                           0.0000
  Plot negative                       NO
  Suppress unconnected internal pads  NO
  Draw holes only                     NO



  APERTURES USED:
  ---------------------------------------------------------
  TYPE       SIZE/NAME                   ROT   MIRROR MODE 
  ---------------------------------------------------------
  CIRCLE     0.31300                                  DARK 
  CIRCLE     0.65000                                  DARK 
  CIRCLE     1.00000                                  DARK 
  SQUARE     3.10000                     0.000 NO     DARK 
  RECTANGLE  0.60000     x 0.60000      90.000 NO     DARK 
  RECTANGLE  0.68000     x 0.54990       0.000 NO     DARK 
  RECTANGLE  0.68000     x 0.54990      90.000 NO     DARK 
  RECTANGLE  0.78000     x 2.83000       0.000 NO     DARK 
  RECTANGLE  1.00000     x 0.84990       0.000 NO     DARK 
  RECTANGLE  1.00000     x 1.80010       0.000 NO     DARK 
  RECTANGLE  1.45000     x 1.20000       0.000 NO     DARK 
  RECTANGLE  1.75000     x 3.75000       0.000 NO     DARK 
  PAD SHAPE  ROUNDED_RECTANGLE ,2100.0   0.000 NO     DARK 
  PAD SHAPE  ROUNDED_RECTANGLE ,2100.0  90.000 NO     DARK 
  PAD SHAPE  ROUNDED_RECTANGLE ,2100.0 180.000 NO     DARK 
  PAD SHAPE  ROUNDED_RECTANGLE ,2100.0 270.000 NO     DARK 

     SM_TOP created with warnings


================================================================
     PROCESSING FILM < OUTLINE >
     TO FILE < //detstorage.polito.it/neurolab/Share/Tesi_Miguel Ferre Vasquez/Thesis_Miguel_ferre/ORCAD/gerbers/OUTLINE.art > ...
================================================================

  FILM PARAMETERS :
  ---------------------------------------------------------
  Undefined line width                0.0100
  Mirror code                         NONE
  Rotate angle                        NONE
  Offset x:                           0.0000
  Offset y:                           0.0000
  Plot negative                       NO
  Suppress unconnected internal pads  NO
  Draw holes only                     NO



  APERTURES USED:
  ---------------------------------------------------------
  TYPE       SIZE/NAME                   ROT   MIRROR MODE 
  ---------------------------------------------------------
  CIRCLE     0.01000                                  DARK 

     OUTLINE created with warnings


================================================================
     PROCESSING FILM < PM_TOP >
     TO FILE < //detstorage.polito.it/neurolab/Share/Tesi_Miguel Ferre Vasquez/Thesis_Miguel_ferre/ORCAD/gerbers/PM_TOP.art > ...
================================================================

  FILM PARAMETERS :
  ---------------------------------------------------------
  Undefined line width                0.0100
  Mirror code                         NONE
  Rotate angle                        NONE
  Offset x:                           0.0000
  Offset y:                           0.0000
  Plot negative                       NO
  Suppress unconnected internal pads  NO
  Draw holes only                     NO



  APERTURES USED:
  ---------------------------------------------------------
  TYPE       SIZE/NAME                   ROT   MIRROR MODE 
  ---------------------------------------------------------
  CIRCLE     0.26300                                  DARK 
  CIRCLE     0.60000                                  DARK 
  CIRCLE     0.95000                                  DARK 
  SQUARE     3.00000                     0.000 NO     DARK 
  RECTANGLE  0.50000     x 0.50000      90.000 NO     DARK 
  RECTANGLE  0.63500     x 0.50010       0.000 NO     DARK 
  RECTANGLE  0.63500     x 0.50010      90.000 NO     DARK 
  RECTANGLE  0.74000     x 2.79000       0.000 NO     DARK 
  RECTANGLE  0.80010     x 1.59990       0.000 NO     DARK 
  RECTANGLE  0.96490     x 0.80010       0.000 NO     DARK 
  RECTANGLE  1.40000     x 1.15000       0.000 NO     DARK 
  RECTANGLE  1.70000     x 3.70000       0.000 NO     DARK 
  PAD SHAPE  ROUNDED_RECTANGLE ,1400.0   0.000 NO     DARK 
  PAD SHAPE  ROUNDED_RECTANGLE ,1400.0  90.000 NO     DARK 
  PAD SHAPE  ROUNDED_RECTANGLE ,1400.0 180.000 NO     DARK 
  PAD SHAPE  ROUNDED_RECTANGLE ,1400.0 270.000 NO     DARK 

     PM_TOP created with warnings


================================================================
     PROCESSING FILM < PM_BOT >
     TO FILE < //detstorage.polito.it/neurolab/Share/Tesi_Miguel Ferre Vasquez/Thesis_Miguel_ferre/ORCAD/gerbers/PM_BOT.art > ...
================================================================

  FILM PARAMETERS :
  ---------------------------------------------------------
  Undefined line width                0.0100
  Mirror code                         NONE
  Rotate angle                        NONE
  Offset x:                           0.0000
  Offset y:                           0.0000
  Plot negative                       NO
  Suppress unconnected internal pads  NO
  Draw holes only                     NO



  APERTURES USED:
  ---------------------------------------------------------
  TYPE       SIZE/NAME                   ROT   MIRROR MODE 
  ---------------------------------------------------------
  CIRCLE     0.60000                                  DARK 
  CIRCLE     0.95000                                  DARK 
  RECTANGLE  2.60000     x 3.00000      90.000 NO     DARK 
  RECTANGLE  3.60000     x 3.00000      90.000 NO     DARK 

     PM_BOT created with warnings


------------------------------------------------------
 SUMMARY:
        SILK_TOP created with warnings
        SILK_BOT created with warnings
        SM_BOT created with warnings
        SM_TOP created with warnings
        OUTLINE created with warnings
        PM_TOP created with warnings
        PM_BOT created with warnings

 ARTWORK had warnings
